Hit:1 http://apt.pop-os.org/proprietary jammy InRelease
Hit:2 http://apt.pop-os.org/release jammy InRelease
Hit:3 http://apt.pop-os.org/ubuntu jammy InRelease
Get:4 http://apt.pop-os.org/ubuntu jammy-security InRelease [110 kB]
Get:5 http://apt.pop-os.org/ubuntu jammy-updates InRelease [114 kB]
Get:6 http://apt.pop-os.org/ubuntu jammy-backports InRelease [99.8 kB]
Get:7 http://apt.pop-os.org/ubuntu jammy-security/main amd64 DEP-11 Metadata [20.1 kB]
Get:8 http://apt.pop-os.org/ubuntu jammy-security/universe amd64 DEP-11 Metadata [13.3 kB]
Get:9 http://apt.pop-os.org/ubuntu jammy-updates/main amd64 DEP-11 Metadata [95.0 kB]
Get:10 http://apt.pop-os.org/ubuntu jammy-updates/universe amd64 DEP-11 Metadata [258 kB]
Get:11 http://apt.pop-os.org/ubuntu jammy-updates/multiverse amd64 DEP-11 Metadata [940 B]
Get:12 http://apt.pop-os.org/ubuntu jammy-backports/universe amd64 DEP-11 Metadata [11.5 kB]
Fetched 723 kB in 4s (180 kB/s)
Reading package lists...
Building dependency tree...
Reading state information...
All packages are up to date.
Reading package lists...
Building dependency tree...
Reading state information...
Calculating upgrade...
0 upgraded, 0 newly installed, 0 to remove and 0 not upgraded.
