total 8.0K
drwxrwxr-x 2 billy billy 4.0K 2022-12-29 20:13 ./
drwxrwxr-x 4 billy billy 4.0K 2022-12-29 20:09 ../
-rw-rw-r-- 1 billy billy    0 2022-12-29 20:13 f1.log
-rw-rw-r-- 1 billy billy    0 2022-12-29 20:10 f2.log
-rw-rw-r-- 1 billy billy    0 2022-12-29 20:10 f3.log
total 12K
drwxrwxr-x 2 billy billy 4.0K 2022-12-29 20:13 ./
drwxrwxr-x 4 billy billy 4.0K 2022-12-29 20:09 ../
-rw-rw-r-- 1 billy billy  274 2022-12-29 20:13 f1.log
-rw-rw-r-- 1 billy billy    0 2022-12-29 20:10 f2.log
-rw-rw-r-- 1 billy billy    0 2022-12-29 20:10 f3.log
total 12K
drwxrwxr-x 2 billy billy 4.0K 2022-12-29 20:13 ./
drwxrwxr-x 4 billy billy 4.0K 2022-12-29 20:09 ../
-rw-rw-r-- 1 billy billy  547 2022-12-29 20:14 f1.log
-rw-rw-r-- 1 billy billy    0 2022-12-29 20:10 f2.log
-rw-rw-r-- 1 billy billy    0 2022-12-29 20:10 f3.log
total 12K
drwxrwxr-x 2 billy billy 4.0K 2022-12-29 20:13 ./
drwxrwxr-x 4 billy billy 4.0K 2022-12-29 20:09 ../
-rw-rw-r-- 1 billy billy  820 2022-12-29 20:14 f1.log
-rw-rw-r-- 1 billy billy    0 2022-12-29 20:10 f2.log
-rw-rw-r-- 1 billy billy    0 2022-12-29 20:10 f3.log
